[+] Containers:
 |- [+] Container: /Game/LevelPrototyping/ThirdPersonMap_Jose_Prototyping
 |   |- [+] ActorDescs:
 |   |   |- Guid:08359F374DB3B6A1308C8489F55A99B9 BaseClass: NativeClass:/Script/Engine.VolumetricCloud Name:VolumetricCloud_0 Label:VolumetricCloud SpatiallyLoaded:0 Bounds:IsValid=true, Min=(X=0.000 Y=0.000 Z=820.000), Max=(X=0.000 Y=0.000 Z=820.000) RuntimeGrid:None EditorOnly:0 RuntimeOnly:0 HLODRelevant:0 FolderPath:Lighting FolderGuid:963EC3EB4002CCE9759E2EBA541A873A
 |   |   |- Guid:097812E1496AAB54F7A01982EB9254A5 BaseClass:/Game/CustomCharacter/BP_MainCharacter.BP_MainCharacter_C NativeClass:/Script/Engine.Character Name:BP_MainCharacter_C_UAID_7A7919195AEDF78601_1097208209 Label:BP_MainCharacter SpatiallyLoaded:1 Bounds:IsValid=true, Min=(X=4411.597 Y=4352.864 Z=0.000), Max=(X=4547.617 Y=4545.277 Z=180.000) RuntimeGrid:None EditorOnly:0 RuntimeOnly:0 HLODRelevant:0
 |   |   |- Guid:0BA9416548935C467A600D96468B4E74 BaseClass: NativeClass:/Script/Engine.StaticMeshActor Name:StaticMeshActor_UAID_6C24081D954E818701_1579373441 Label:Pine_tree_3 SpatiallyLoaded:1 Bounds:IsValid=true, Min=(X=2693.339 Y=-50.633 Z=-17.563), Max=(X=3179.522 Y=409.568 Z=826.029) RuntimeGrid:None EditorOnly:0 RuntimeOnly:0 HLODRelevant:1
 |   |   |- Guid:0CA42D3845306ABC78426188604CD06E BaseClass: NativeClass:/Script/Engine.StaticMeshActor Name:StaticMeshActor_20 Label:SM_Cube12 SpatiallyLoaded:1 Bounds:IsValid=true, Min=(X=6030.000 Y=5840.000 Z=0.000), Max=(X=6130.000 Y=5940.000 Z=200.000) RuntimeGrid:None EditorOnly:0 RuntimeOnly:0 HLODRelevant:1 FolderPath:Block02 FolderGuid:EBA23F8248252949750E43911A3A1CDD
 |   |   |- Guid:1178B39847746811864B86B5E7F30C8E BaseClass: NativeClass:/Script/Engine.StaticMeshActor Name:StaticMeshActor_UAID_6C24081D954E818701_1638424442 Label:Forge SpatiallyLoaded:1 Bounds:IsValid=true, Min=(X=3703.763 Y=3267.951 Z=-0.003), Max=(X=4420.361 Y=3975.146 Z=437.165) RuntimeGrid:None EditorOnly:0 RuntimeOnly:0 HLODRelevant:1
 |   |   |- Guid:170C4DFE46916424C689E99F698122D0 BaseClass: NativeClass:/Script/Engine.StaticMeshActor Name:StaticMeshActor_1 Label:SM_Cube SpatiallyLoaded:1 Bounds:IsValid=true, Min=(X=0.000 Y=0.000 Z=-50.000), Max=(X=10000.000 Y=10000.000 Z=0.000) RuntimeGrid:None EditorOnly:0 RuntimeOnly:0 HLODRelevant:1 FolderPath:Playground FolderGuid:C73F09FC4215536B1DCE2A9E0A830C70
 |   |   |- Guid:171606F54B2CB01E81AF37A8179F3A1A BaseClass: NativeClass:/Script/Engine.StaticMeshActor Name:StaticMeshActor_35 Label:SM_QuarterCylinder14 SpatiallyLoaded:1 Bounds:IsValid=true, Min=(X=5730.000 Y=3640.000 Z=0.000), Max=(X=5930.000 Y=3840.000 Z=100.000) RuntimeGrid:None EditorOnly:0 RuntimeOnly:0 HLODRelevant:1 FolderPath:Cylinder FolderGuid:D075E5BA49330D3EC2503D81A7CF88D1
 |   |   |- Guid:17AD898342B52AC0B6F0F79432B2D20B BaseClass: NativeClass:/Script/Engine.StaticMeshActor Name:StaticMeshActor_UAID_6C24081D954E818701_1142825431 Label:SM_Cube20 SpatiallyLoaded:1 Bounds:IsValid=true, Min=(X=6505.000 Y=4670.000 Z=-190.000), Max=(X=10030.000 Y=4970.000 Z=10.000) RuntimeGrid:None EditorOnly:0 RuntimeOnly:0 HLODRelevant:1 FolderPath:Block02 FolderGuid:EBA23F8248252949750E43911A3A1CDD
 |   |   |- Guid:1A96190646C349375193999919B10D61 BaseClass: NativeClass:/Script/Engine.StaticMeshActor Name:StaticMeshActor_16 Label:SM_Cube11 SpatiallyLoaded:1 Bounds:IsValid=true, Min=(X=3930.000 Y=5740.000 Z=0.000), Max=(X=4230.000 Y=6040.000 Z=200.000) RuntimeGrid:None EditorOnly:0 RuntimeOnly:0 HLODRelevant:1 FolderPath:Block03 FolderGuid:7B7009C345D3D6DD94D3429E1D79C034
 |   |   |- Guid:20229CD249A5DCE9727F26A355512E1D BaseClass: NativeClass:/Script/Engine.SkyAtmosphere Name:SkyAtmosphere_0 Label:SkyAtmosphere SpatiallyLoaded:0 Bounds:IsValid=true, Min=(X=0.000 Y=0.000 Z=1020.000), Max=(X=0.000 Y=0.000 Z=1020.000) RuntimeGrid:None EditorOnly:0 RuntimeOnly:0 HLODRelevant:0 FolderPath:Lighting FolderGuid:963EC3EB4002CCE9759E2EBA541A873A
 |   |   |- Guid:2110D41A491AF247525D199B856102C1 BaseClass: NativeClass:/Script/Engine.StaticMeshActor Name:StaticMeshActor_33 Label:SM_QuarterCylinder12 SpatiallyLoaded:1 Bounds:IsValid=true, Min=(X=5530.000 Y=3840.000 Z=0.000), Max=(X=5730.000 Y=4040.000 Z=100.000) RuntimeGrid:None EditorOnly:0 RuntimeOnly:0 HLODRelevant:1 FolderPath:Cylinder FolderGuid:D075E5BA49330D3EC2503D81A7CF88D1
 |   |   |- Guid:293DBE5B4CAE95FFDE081D8B1480AE7E BaseClass: NativeClass:/Script/Engine.StaticMeshActor Name:StaticMeshActor_6 Label:SM_Cube3 SpatiallyLoaded:1 Bounds:IsValid=true, Min=(X=3530.000 Y=6540.000 Z=0.000), Max=(X=6505.000 Y=6640.000 Z=400.000) RuntimeGrid:None EditorOnly:0 RuntimeOnly:0 HLODRelevant:1 FolderPath:Playground FolderGuid:C73F09FC4215536B1DCE2A9E0A830C70
 |   |   |- Guid:2BD01C8F4AABD4F8CA1EF28093002257 BaseClass: NativeClass:/Script/Engine.StaticMeshActor Name:StaticMeshActor_15 Label:SM_Cube10 SpatiallyLoaded:1 Bounds:IsValid=true, Min=(X=5330.000 Y=5240.000 Z=100.000), Max=(X=5530.000 Y=5340.000 Z=200.000) RuntimeGrid:None EditorOnly:0 RuntimeOnly:0 HLODRelevant:1 FolderPath:Block01 FolderGuid:7D23E5AE4C2A421F86AF6986D87E6D05
 |   |   |- Guid:2CC97B0D4BE34E8D14533E873464E1E5 BaseClass: NativeClass:/Script/Engine.StaticMeshActor Name:StaticMeshActor_32 Label:SM_QuarterCylinder11 SpatiallyLoaded:1 Bounds:IsValid=true, Min=(X=5730.000 Y=3840.000 Z=-0.000), Max=(X=5930.000 Y=4040.000 Z=100.000) RuntimeGrid:None EditorOnly:0 RuntimeOnly:0 HLODRelevant:1 FolderPath:Cylinder FolderGuid:D075E5BA49330D3EC2503D81A7CF88D1
 |   |   |- Guid:2D1A284A418E7751A718418746FA0FCE BaseClass: NativeClass:/Script/Engine.StaticMeshActor Name:StaticMeshActor_23 Label:SM_QuarterCylinder5 SpatiallyLoaded:1 Bounds:IsValid=true, Min=(X=3830.000 Y=5940.000 Z=0.000), Max=(X=3930.000 Y=6040.000 Z=200.000) RuntimeGrid:None EditorOnly:0 RuntimeOnly:0 HLODRelevant:1 FolderPath:Block03 FolderGuid:7B7009C345D3D6DD94D3429E1D79C034
 |   |   |- Guid:2F8F1AB34A04CD747F0010942D8F14CD BaseClass: NativeClass:/Script/Engine.StaticMeshActor Name:StaticMeshActor_13 Label:SM_Cube9 SpatiallyLoaded:1 Bounds:IsValid=true, Min=(X=5330.000 Y=4640.000 Z=0.000), Max=(X=5530.000 Y=5340.000 Z=100.000) RuntimeGrid:None EditorOnly:0 RuntimeOnly:0 HLODRelevant:1 FolderPath:Block01 FolderGuid:7D23E5AE4C2A421F86AF6986D87E6D05
 |   |   |- Guid:34C37EE14709AE3FA1370983625D71F5 BaseClass: NativeClass:/Script/Engine.StaticMeshActor Name:StaticMeshActor_UAID_6C24081D954E818701_1576932440 Label:Pine_tree_2 SpatiallyLoaded:1 Bounds:IsValid=true, Min=(X=1623.339 Y=-50.633 Z=-17.563), Max=(X=2109.522 Y=409.568 Z=826.029) RuntimeGrid:None EditorOnly:0 RuntimeOnly:0 HLODRelevant:1
 |   |   |- Guid:4136172E4E2784FF0340BE9FB6AC707F BaseClass: NativeClass:/Script/Engine.StaticMeshActor Name:StaticMeshActor_4 Label:SM_Cube6 SpatiallyLoaded:1 Bounds:IsValid=true, Min=(X=6400.000 Y=3100.000 Z=0.000), Max=(X=6500.000 Y=4450.000 Z=400.000) RuntimeGrid:None EditorOnly:0 RuntimeOnly:0 HLODRelevant:1 FolderPath:Playground FolderGuid:C73F09FC4215536B1DCE2A9E0A830C70
 |   |   |- Guid:46124A0A4BC2499F7935DA8FE37025E3 BaseClass: NativeClass:/Script/Engine.StaticMeshActor Name:StaticMeshActor_UAID_7A7919195AED998501_1226131535 Label:SM_BarrelBig SpatiallyLoaded:1 Bounds:IsValid=true, Min=(X=6017.829 Y=4587.829 Z=-0.000), Max=(X=6122.171 Y=4692.171 Z=122.383) RuntimeGrid:None EditorOnly:0 RuntimeOnly:0 HLODRelevant:1
 |   |   |- Guid:4E8BB067405D4CA7A1949CA4411325C6 BaseClass: NativeClass:/Script/Engine.StaticMeshActor Name:StaticMeshActor_UAID_6C24081D954E808701_1083086251 Label:SM_Cube16 SpatiallyLoaded:1 Bounds:IsValid=true, Min=(X=3530.000 Y=3240.000 Z=0.000), Max=(X=3630.000 Y=4590.000 Z=400.000) RuntimeGrid:None EditorOnly:0 RuntimeOnly:0 HLODRelevant:1 FolderPath:Playground FolderGuid:C73F09FC4215536B1DCE2A9E0A830C70
 |   |   |- Guid:51F8C6E04BDDAD1ADBD4A484709B34D6 BaseClass: NativeClass:/Script/Engine.StaticMeshActor Name:StaticMeshActor_22 Label:SM_QuarterCylinder4 SpatiallyLoaded:1 Bounds:IsValid=true, Min=(X=3830.000 Y=5740.000 Z=0.000), Max=(X=3930.000 Y=5840.000 Z=200.000) RuntimeGrid:None EditorOnly:0 RuntimeOnly:0 HLODRelevant:1 FolderPath:Block03 FolderGuid:7B7009C345D3D6DD94D3429E1D79C034
 |   |   |- Guid:5D8DAE2F4EF04E331E4E4E9C74E99720 BaseClass: NativeClass:/Script/Engine.StaticMeshActor Name:StaticMeshActor_UAID_6C24081D954E818701_1533580438 Label:SM_Cube24 SpatiallyLoaded:1 Bounds:IsValid=true, Min=(X=2430.000 Y=1130.000 Z=-190.000), Max=(X=6255.000 Y=1430.000 Z=10.000) RuntimeGrid:None EditorOnly:0 RuntimeOnly:0 HLODRelevant:1 FolderPath:Block02 FolderGuid:EBA23F8248252949750E43911A3A1CDD
 |   |   |- Guid:605B778A484AF57B576238AE9DE9C6E9 BaseClass: NativeClass:/Script/Engine.DirectionalLight Name:DirectionalLight_0 Label:DirectionalLight SpatiallyLoaded:0 Bounds:IsValid=true, Min=(X=-4398046511104.000 Y=-4398046511104.000 Z=-4398046511104.000), Max=(X=4398046511104.000 Y=4398046511104.000 Z=4398046511104.000) RuntimeGrid:None EditorOnly:0 RuntimeOnly:0 HLODRelevant:0 FolderPath:Lighting FolderGuid:963EC3EB4002CCE9759E2EBA541A873A
 |   |   |- Guid:6BCA46F1480CCB55DAE4109DA268CEFD BaseClass: NativeClass:/Script/Engine.StaticMeshActor Name:StaticMeshActor_18 Label:SM_QuarterCylinder SpatiallyLoaded:1 Bounds:IsValid=true, Min=(X=6030.000 Y=5940.000 Z=0.000), Max=(X=6130.000 Y=6040.000 Z=200.000) RuntimeGrid:None EditorOnly:0 RuntimeOnly:0 HLODRelevant:1 FolderPath:Block02 FolderGuid:EBA23F8248252949750E43911A3A1CDD
 |   |   |- Guid:6E9783CF4DB7793D1845C08CCB648199 BaseClass: NativeClass:/Script/Engine.StaticMeshActor Name:StaticMeshActor_7 Label:SM_Cube7 SpatiallyLoaded:1 Bounds:IsValid=true, Min=(X=4830.000 Y=5340.000 Z=0.000), Max=(X=5030.000 Y=5440.000 Z=200.000) RuntimeGrid:None EditorOnly:0 RuntimeOnly:0 HLODRelevant:1 FolderPath:Block01 FolderGuid:7D23E5AE4C2A421F86AF6986D87E6D05
 |   |   |- Guid:7068FCDF4F4FE8CC8F17EB9E7F307486 BaseClass: NativeClass:/Script/Engine.StaticMeshActor Name:StaticMeshActor_UAID_6C24081D954E808701_1083089252 Label:SM_Cube17 SpatiallyLoaded:1 Bounds:IsValid=true, Min=(X=3530.000 Y=5200.000 Z=0.000), Max=(X=3630.000 Y=6550.000 Z=400.000) RuntimeGrid:None EditorOnly:0 RuntimeOnly:0 HLODRelevant:1 FolderPath:Playground FolderGuid:C73F09FC4215536B1DCE2A9E0A830C70
 |   |   |- Guid:773FF8C548AB27F9D2E39CB3E0F8257C BaseClass: NativeClass:/Script/Engine.StaticMeshActor Name:StaticMeshActor_UAID_6C24081D954E818701_1121343430 Label:SM_Cube19 SpatiallyLoaded:1 Bounds:IsValid=true, Min=(X=5940.000 Y=1430.000 Z=-190.000), Max=(X=6240.000 Y=3230.000 Z=10.000) RuntimeGrid:None EditorOnly:0 RuntimeOnly:0 HLODRelevant:1 FolderPath:Block02 FolderGuid:EBA23F8248252949750E43911A3A1CDD
 |   |   |- Guid:78B9898F403BF5C1BCD540B1D1549A74 BaseClass: NativeClass:/Script/Engine.StaticMeshActor Name:StaticMeshActor_24 Label:SM_Cube13 SpatiallyLoaded:1 Bounds:IsValid=true, Min=(X=3830.000 Y=5840.000 Z=0.000), Max=(X=3930.000 Y=5940.000 Z=200.000) RuntimeGrid:None EditorOnly:0 RuntimeOnly:0 HLODRelevant:1 FolderPath:Block03 FolderGuid:7B7009C345D3D6DD94D3429E1D79C034
 |   |   |- Guid:78E3399045BB4ACC81E2B98F2264679F BaseClass: NativeClass:/Script/Engine.WorldDataLayers Name:WorldDataLayers Label:WorldDataLayers SpatiallyLoaded:0 Bounds:IsValid=true, Min=(X=0.000 Y=0.000 Z=0.000), Max=(X=0.000 Y=0.000 Z=0.000) RuntimeGrid:None EditorOnly:0 RuntimeOnly:0 HLODRelevant:0
 |   |   |- Guid:7B5CD5C248DDDA4405161C8586FE58A7 BaseClass:/Game/ModularRPGHeroesPolyart/CharacterBP/ModularCharacterBP.ModularCharacterBP_C NativeClass:/Script/Engine.SkeletalMeshActor Name:ModularCharacterBP_C_UAID_6C24081D954E7E8701_2009082896 Label:ModularCharacterBP SpatiallyLoaded:1 Bounds:IsValid=true, Min=(X=4410.630 Y=4474.674 Z=-1.803), Max=(X=4849.370 Y=4684.656 Z=242.074) RuntimeGrid:None EditorOnly:0 RuntimeOnly:0 HLODRelevant:0
 |   |   |- Guid:7D9D73A44DFED01EF34F3AACF11C8641 BaseClass: NativeClass:/Script/Engine.StaticMeshActor Name:StaticMeshActor_UAID_6C24081D954E818701_1240059434 Label:SM_Cube23 SpatiallyLoaded:1 Bounds:IsValid=true, Min=(X=1090.000 Y=4760.000 Z=-180.000), Max=(X=3665.000 Y=5060.000 Z=20.000) RuntimeGrid:None EditorOnly:0 RuntimeOnly:0 HLODRelevant:1 FolderPath:Block02 FolderGuid:EBA23F8248252949750E43911A3A1CDD
 |   |   |- Guid:7F4D52BE4C8B8B6F55E4D1A482EAD5F5 BaseClass: NativeClass:/Script/Engine.StaticMeshActor Name:StaticMeshActor_25 Label:SM_QuarterCylinder6 SpatiallyLoaded:1 Bounds:IsValid=true, Min=(X=4730.000 Y=5340.000 Z=0.000), Max=(X=4830.000 Y=5440.000 Z=200.000) RuntimeGrid:None EditorOnly:0 RuntimeOnly:0 HLODRelevant:1 FolderPath:Block01 FolderGuid:7D23E5AE4C2A421F86AF6986D87E6D05
 |   |   |- Guid:8070C6514DB904C7CADA078178397603 BaseClass: NativeClass:/Script/Engine.StaticMeshActor Name:StaticMeshActor_21 Label:SM_QuarterCylinder3 SpatiallyLoaded:1 Bounds:IsValid=true, Min=(X=5030.000 Y=5340.000 Z=0.000), Max=(X=5130.000 Y=5440.000 Z=200.000) RuntimeGrid:None EditorOnly:0 RuntimeOnly:0 HLODRelevant:1 FolderPath:Block01 FolderGuid:7D23E5AE4C2A421F86AF6986D87E6D05
 |   |   |- Guid:84474A134083BF1803DB3A96C3F3AF8F BaseClass: NativeClass:/Script/Engine.StaticMeshActor Name:StaticMeshActor_UAID_6C24081D954E818701_1235510433 Label:SM_Cube22 SpatiallyLoaded:1 Bounds:IsValid=true, Min=(X=1020.000 Y=4785.000 Z=-180.000), Max=(X=1320.000 Y=7360.000 Z=20.000) RuntimeGrid:None EditorOnly:0 RuntimeOnly:0 HLODRelevant:1 FolderPath:Block02 FolderGuid:EBA23F8248252949750E43911A3A1CDD
 |   |   |- Guid:84EF250348E0F2EB12E91499E762E2A0 BaseClass: NativeClass:/Script/Engine.StaticMeshActor Name:StaticMeshActor_9 Label:SM_Ramp2 SpatiallyLoaded:1 Bounds:IsValid=true, Min=(X=4930.000 Y=4640.000 Z=0.000), Max=(X=5330.000 Y=4840.000 Z=100.000) RuntimeGrid:None EditorOnly:0 RuntimeOnly:0 HLODRelevant:1 FolderPath:Block01 FolderGuid:7D23E5AE4C2A421F86AF6986D87E6D05
 |   |   |- Guid:8BB3FFDD4B0BD5659E8C37AADE5B269E BaseClass: NativeClass:/Script/Engine.StaticMeshActor Name:StaticMeshActor_19 Label:SM_QuarterCylinder2 SpatiallyLoaded:1 Bounds:IsValid=true, Min=(X=6030.000 Y=5740.000 Z=0.000), Max=(X=6130.000 Y=5840.000 Z=200.000) RuntimeGrid:None EditorOnly:0 RuntimeOnly:0 HLODRelevant:1 FolderPath:Block02 FolderGuid:EBA23F8248252949750E43911A3A1CDD
 |   |   |- Guid:8D786F4C4F17C15F643FC481B116F6A7 BaseClass: NativeClass:/Script/Engine.PlayerStart Name:PlayerStart_0 Label:PlayerStart SpatiallyLoaded:0 Bounds:IsValid=true, Min=(X=4390.000 Y=4210.000 Z=0.013), Max=(X=4470.000 Y=4290.000 Z=184.013) RuntimeGrid:None EditorOnly:0 RuntimeOnly:0 HLODRelevant:0
 |   |   |- Guid:8F026D5341FA496E48B4E195614B027B BaseClass: NativeClass:/Script/Engine.StaticMeshActor Name:StaticMeshActor_12 Label:SM_Cube8 SpatiallyLoaded:1 Bounds:IsValid=true, Min=(X=4830.000 Y=5740.000 Z=0.000), Max=(X=6030.000 Y=6040.000 Z=200.000) RuntimeGrid:None EditorOnly:0 RuntimeOnly:0 HLODRelevant:1 FolderPath:Block02 FolderGuid:EBA23F8248252949750E43911A3A1CDD
 |   |   |- Guid:922413964C6327370245D6B52622D7AB BaseClass: NativeClass:/Script/Engine.StaticMeshActor Name:StaticMeshActor_UAID_A4AE111137DC5EFB00_1110535423 Label:SM_SkySphere SpatiallyLoaded:0 Bounds:IsValid=true, Min=(X=-1634870.000 Y=-1635260.000 Z=-1638400.000), Max=(X=1641930.000 Y=1641540.000 Z=1638400.000) RuntimeGrid:None EditorOnly:0 RuntimeOnly:0 HLODRelevant:1 FolderPath:Lighting FolderGuid:963EC3EB4002CCE9759E2EBA541A873A
 |   |   |- Guid:ADCDD2554C1BE006C67749BAFF281B29 BaseClass: NativeClass:/Script/Engine.StaticMeshActor Name:StaticMeshActor_UAID_6C24081D954E7F8701_1438759073 Label:SM_Energy_1 SpatiallyLoaded:1 Bounds:IsValid=true, Min=(X=5173.785 Y=4057.363 Z=19.967), Max=(X=5186.310 Y=4142.681 Z=150.866) RuntimeGrid:None EditorOnly:0 RuntimeOnly:0 HLODRelevant:1
 |   |   |- Guid:BB5AA97D427F2E82637F51B5BB383109 BaseClass: NativeClass:/Script/Engine.StaticMeshActor Name:StaticMeshActor_UAID_7A7919195AEDCF8201_1955489871 Label:SM_Cube14 SpatiallyLoaded:1 Bounds:IsValid=true, Min=(X=4730.000 Y=4840.000 Z=0.000), Max=(X=5330.000 Y=5340.000 Z=200.000) RuntimeGrid:None EditorOnly:0 RuntimeOnly:0 HLODRelevant:1 FolderPath:Block01 FolderGuid:7D23E5AE4C2A421F86AF6986D87E6D05
 |   |   |- Guid:BC63DC5442D99C578F6DD98F435E0EC6 BaseClass: NativeClass:/Script/Engine.PostProcessVolume Name:PostProcessVolume_0 Label:PostProcessVolume SpatiallyLoaded:0 Bounds:IsValid=true, Min=(X=0.000 Y=0.000 Z=400.000), Max=(X=200.000 Y=200.000 Z=600.000) RuntimeGrid:None EditorOnly:0 RuntimeOnly:0 HLODRelevant:0 FolderPath:Lighting FolderGuid:963EC3EB4002CCE9759E2EBA541A873A
 |   |   |- Guid:C0ACDBFA45BE66219A93FE95F83E75AD BaseClass: NativeClass:/Script/Engine.ExponentialHeightFog Name:ExponentialHeightFog_0 Label:ExponentialHeightFog SpatiallyLoaded:0 Bounds:IsValid=true, Min=(X=-5600.000 Y=-50.000 Z=-6850.000), Max=(X=-5600.000 Y=-50.000 Z=-6850.000) RuntimeGrid:None EditorOnly:0 RuntimeOnly:0 HLODRelevant:0 FolderPath:Lighting FolderGuid:963EC3EB4002CCE9759E2EBA541A873A
 |   |   |- Guid:C6DF0EE2475A96181091098FCC68FCFB BaseClass: NativeClass:/Script/Engine.StaticMeshActor Name:StaticMeshActor_5 Label:SM_Cube2 SpatiallyLoaded:1 Bounds:IsValid=true, Min=(X=3530.000 Y=3140.000 Z=0.000), Max=(X=5805.000 Y=3240.000 Z=400.000) RuntimeGrid:None EditorOnly:0 RuntimeOnly:0 HLODRelevant:1 FolderPath:Playground FolderGuid:C73F09FC4215536B1DCE2A9E0A830C70
 |   |   |- Guid:D179C4F948430B60A2FC8BAAC3073C73 BaseClass: NativeClass:/Script/Engine.StaticMeshActor Name:StaticMeshActor_14 Label:SM_Ramp3 SpatiallyLoaded:1 Bounds:IsValid=true, Min=(X=5330.000 Y=4840.000 Z=100.000), Max=(X=5530.000 Y=5240.000 Z=200.000) RuntimeGrid:None EditorOnly:0 RuntimeOnly:0 HLODRelevant:1 FolderPath:Block01 FolderGuid:7D23E5AE4C2A421F86AF6986D87E6D05
 |   |   |- Guid:D1BE27A24B22BA5997A02EBD233BAEA1 BaseClass: NativeClass:/Script/Engine.StaticMeshActor Name:StaticMeshActor_UAID_6C24081D954E818701_1163428432 Label:SM_Cube21 SpatiallyLoaded:1 Bounds:IsValid=true, Min=(X=-20.000 Y=8175.000 Z=-190.000), Max=(X=10030.000 Y=10000.000 Z=10.000) RuntimeGrid:None EditorOnly:0 RuntimeOnly:0 HLODRelevant:1 FolderPath:Block02 FolderGuid:EBA23F8248252949750E43911A3A1CDD
 |   |   |- Guid:D248E4F04AE2A1CAC9CB7691390B0304 BaseClass: NativeClass:/Script/Engine.StaticMeshActor Name:StaticMeshActor_UAID_6C24081D954E818701_1095041429 Label:SM_Cube18 SpatiallyLoaded:1 Bounds:IsValid=true, Min=(X=1020.000 Y=7295.000 Z=-180.000), Max=(X=1320.000 Y=9870.000 Z=20.000) RuntimeGrid:None EditorOnly:0 RuntimeOnly:0 HLODRelevant:1 FolderPath:Block02 FolderGuid:EBA23F8248252949750E43911A3A1CDD
 |   |   |- Guid:D346D099494E82EA2F626291103D5F2F BaseClass:/Game/ModularRPGHeroesPolyart/CharacterBP/OneMeshCharacterBP.OneMeshCharacterBP_C NativeClass:/Script/Engine.SkeletalMeshActor Name:OneMeshCharacterBP_C_UAID_6C24081D954E7E8701_2006611895 Label:OneMeshCharacterBP SpatiallyLoaded:1 Bounds:IsValid=true, Min=(X=4780.565 Y=4266.624 Z=-0.929), Max=(X=5001.532 Y=4430.158 Z=204.264) RuntimeGrid:None EditorOnly:0 RuntimeOnly:0 HLODRelevant:0
 |   |   |- Guid:E16BD35145FEEF1B984AC58B1492F199 BaseClass: NativeClass:/Script/Engine.SkyLight Name:SkyLight_1 Label:SkyLight SpatiallyLoaded:0 Bounds:IsValid=true, Min=(X=0.000 Y=0.000 Z=690.000), Max=(X=0.000 Y=0.000 Z=690.000) RuntimeGrid:None EditorOnly:0 RuntimeOnly:0 HLODRelevant:0 FolderPath:Lighting FolderGuid:963EC3EB4002CCE9759E2EBA541A873A
 |   |   |- Guid:EAF8FED540FB55AB1EFE0F8D96C25A40 BaseClass: NativeClass:/Script/Engine.StaticMeshActor Name:StaticMeshActor_UAID_6C24081D954E818701_1549588439 Label:SM_Cube25 SpatiallyLoaded:1 Bounds:IsValid=true, Min=(X=2420.000 Y=-110.000 Z=-190.000), Max=(X=2720.000 Y=1415.000 Z=10.000) RuntimeGrid:None EditorOnly:0 RuntimeOnly:0 HLODRelevant:1 FolderPath:Block02 FolderGuid:EBA23F8248252949750E43911A3A1CDD
 |   |   |- Guid:EB780F4E400A57DD418B3B99AB5128A1 BaseClass: NativeClass:/Script/Engine.StaticMeshActor Name:StaticMeshActor_UAID_6C24081D954E7F8701_2146963074 Label:SM_Cube15 SpatiallyLoaded:1 Bounds:IsValid=true, Min=(X=6400.000 Y=5200.000 Z=0.000), Max=(X=6500.000 Y=6550.000 Z=400.000) RuntimeGrid:None EditorOnly:0 RuntimeOnly:0 HLODRelevant:1 FolderPath:Playground FolderGuid:C73F09FC4215536B1DCE2A9E0A830C70
 |   |   |- Guid:F866899045ABAD31687A70834CB94A2B BaseClass: NativeClass:/Script/Engine.StaticMeshActor Name:StaticMeshActor_34 Label:SM_QuarterCylinder13 SpatiallyLoaded:1 Bounds:IsValid=true, Min=(X=5530.000 Y=3640.000 Z=0.000), Max=(X=5730.000 Y=3840.000 Z=100.000) RuntimeGrid:None EditorOnly:0 RuntimeOnly:0 HLODRelevant:1 FolderPath:Cylinder FolderGuid:D075E5BA49330D3EC2503D81A7CF88D1
 |   |- [+] Clusters:
 |   |   |- [+] [  0]
 |   |   |   |- Guid:6E9783CF4DB7793D1845C08CCB648199 BaseClass: NativeClass:/Script/Engine.StaticMeshActor Name:StaticMeshActor_7 Label:SM_Cube7 SpatiallyLoaded:1 Bounds:IsValid=true, Min=(X=4830.000 Y=5340.000 Z=0.000), Max=(X=5030.000 Y=5440.000 Z=200.000) RuntimeGrid:None EditorOnly:0 RuntimeOnly:0 HLODRelevant:1 FolderPath:Block01 FolderGuid:7D23E5AE4C2A421F86AF6986D87E6D05
 |   |   |- [+] [  1]
 |   |   |   |- Guid:ADCDD2554C1BE006C67749BAFF281B29 BaseClass: NativeClass:/Script/Engine.StaticMeshActor Name:StaticMeshActor_UAID_6C24081D954E7F8701_1438759073 Label:SM_Energy_1 SpatiallyLoaded:1 Bounds:IsValid=true, Min=(X=5173.785 Y=4057.363 Z=19.967), Max=(X=5186.310 Y=4142.681 Z=150.866) RuntimeGrid:None EditorOnly:0 RuntimeOnly:0 HLODRelevant:1
 |   |   |- [+] [  2]
 |   |   |   |- Guid:773FF8C548AB27F9D2E39CB3E0F8257C BaseClass: NativeClass:/Script/Engine.StaticMeshActor Name:StaticMeshActor_UAID_6C24081D954E818701_1121343430 Label:SM_Cube19 SpatiallyLoaded:1 Bounds:IsValid=true, Min=(X=5940.000 Y=1430.000 Z=-190.000), Max=(X=6240.000 Y=3230.000 Z=10.000) RuntimeGrid:None EditorOnly:0 RuntimeOnly:0 HLODRelevant:1 FolderPath:Block02 FolderGuid:EBA23F8248252949750E43911A3A1CDD
 |   |   |- [+] [  3]
 |   |   |   |- Guid:171606F54B2CB01E81AF37A8179F3A1A BaseClass: NativeClass:/Script/Engine.StaticMeshActor Name:StaticMeshActor_35 Label:SM_QuarterCylinder14 SpatiallyLoaded:1 Bounds:IsValid=true, Min=(X=5730.000 Y=3640.000 Z=0.000), Max=(X=5930.000 Y=3840.000 Z=100.000) RuntimeGrid:None EditorOnly:0 RuntimeOnly:0 HLODRelevant:1 FolderPath:Cylinder FolderGuid:D075E5BA49330D3EC2503D81A7CF88D1
 |   |   |- [+] [  4]
 |   |   |   |- Guid:84474A134083BF1803DB3A96C3F3AF8F BaseClass: NativeClass:/Script/Engine.StaticMeshActor Name:StaticMeshActor_UAID_6C24081D954E818701_1235510433 Label:SM_Cube22 SpatiallyLoaded:1 Bounds:IsValid=true, Min=(X=1020.000 Y=4785.000 Z=-180.000), Max=(X=1320.000 Y=7360.000 Z=20.000) RuntimeGrid:None EditorOnly:0 RuntimeOnly:0 HLODRelevant:1 FolderPath:Block02 FolderGuid:EBA23F8248252949750E43911A3A1CDD
 |   |   |- [+] [  5]
 |   |   |   |- Guid:D248E4F04AE2A1CAC9CB7691390B0304 BaseClass: NativeClass:/Script/Engine.StaticMeshActor Name:StaticMeshActor_UAID_6C24081D954E818701_1095041429 Label:SM_Cube18 SpatiallyLoaded:1 Bounds:IsValid=true, Min=(X=1020.000 Y=7295.000 Z=-180.000), Max=(X=1320.000 Y=9870.000 Z=20.000) RuntimeGrid:None EditorOnly:0 RuntimeOnly:0 HLODRelevant:1 FolderPath:Block02 FolderGuid:EBA23F8248252949750E43911A3A1CDD
 |   |   |- [+] [  6]
 |   |   |   |- Guid:7D9D73A44DFED01EF34F3AACF11C8641 BaseClass: NativeClass:/Script/Engine.StaticMeshActor Name:StaticMeshActor_UAID_6C24081D954E818701_1240059434 Label:SM_Cube23 SpatiallyLoaded:1 Bounds:IsValid=true, Min=(X=1090.000 Y=4760.000 Z=-180.000), Max=(X=3665.000 Y=5060.000 Z=20.000) RuntimeGrid:None EditorOnly:0 RuntimeOnly:0 HLODRelevant:1 FolderPath:Block02 FolderGuid:EBA23F8248252949750E43911A3A1CDD
 |   |   |- [+] [  7]
 |   |   |   |- Guid:605B778A484AF57B576238AE9DE9C6E9 BaseClass: NativeClass:/Script/Engine.DirectionalLight Name:DirectionalLight_0 Label:DirectionalLight SpatiallyLoaded:0 Bounds:IsValid=true, Min=(X=-4398046511104.000 Y=-4398046511104.000 Z=-4398046511104.000), Max=(X=4398046511104.000 Y=4398046511104.000 Z=4398046511104.000) RuntimeGrid:None EditorOnly:0 RuntimeOnly:0 HLODRelevant:0 FolderPath:Lighting FolderGuid:963EC3EB4002CCE9759E2EBA541A873A
 |   |   |- [+] [  8]
 |   |   |   |- Guid:BB5AA97D427F2E82637F51B5BB383109 BaseClass: NativeClass:/Script/Engine.StaticMeshActor Name:StaticMeshActor_UAID_7A7919195AEDCF8201_1955489871 Label:SM_Cube14 SpatiallyLoaded:1 Bounds:IsValid=true, Min=(X=4730.000 Y=4840.000 Z=0.000), Max=(X=5330.000 Y=5340.000 Z=200.000) RuntimeGrid:None EditorOnly:0 RuntimeOnly:0 HLODRelevant:1 FolderPath:Block01 FolderGuid:7D23E5AE4C2A421F86AF6986D87E6D05
 |   |   |- [+] [  9]
 |   |   |   |- Guid:46124A0A4BC2499F7935DA8FE37025E3 BaseClass: NativeClass:/Script/Engine.StaticMeshActor Name:StaticMeshActor_UAID_7A7919195AED998501_1226131535 Label:SM_BarrelBig SpatiallyLoaded:1 Bounds:IsValid=true, Min=(X=6017.829 Y=4587.829 Z=-0.000), Max=(X=6122.171 Y=4692.171 Z=122.383) RuntimeGrid:None EditorOnly:0 RuntimeOnly:0 HLODRelevant:1
 |   |   |- [+] [ 10]
 |   |   |   |- Guid:2BD01C8F4AABD4F8CA1EF28093002257 BaseClass: NativeClass:/Script/Engine.StaticMeshActor Name:StaticMeshActor_15 Label:SM_Cube10 SpatiallyLoaded:1 Bounds:IsValid=true, Min=(X=5330.000 Y=5240.000 Z=100.000), Max=(X=5530.000 Y=5340.000 Z=200.000) RuntimeGrid:None EditorOnly:0 RuntimeOnly:0 HLODRelevant:1 FolderPath:Block01 FolderGuid:7D23E5AE4C2A421F86AF6986D87E6D05
 |   |   |- [+] [ 11]
 |   |   |   |- Guid:6BCA46F1480CCB55DAE4109DA268CEFD BaseClass: NativeClass:/Script/Engine.StaticMeshActor Name:StaticMeshActor_18 Label:SM_QuarterCylinder SpatiallyLoaded:1 Bounds:IsValid=true, Min=(X=6030.000 Y=5940.000 Z=0.000), Max=(X=6130.000 Y=6040.000 Z=200.000) RuntimeGrid:None EditorOnly:0 RuntimeOnly:0 HLODRelevant:1 FolderPath:Block02 FolderGuid:EBA23F8248252949750E43911A3A1CDD
 |   |   |- [+] [ 12]
 |   |   |   |- Guid:4E8BB067405D4CA7A1949CA4411325C6 BaseClass: NativeClass:/Script/Engine.StaticMeshActor Name:StaticMeshActor_UAID_6C24081D954E808701_1083086251 Label:SM_Cube16 SpatiallyLoaded:1 Bounds:IsValid=true, Min=(X=3530.000 Y=3240.000 Z=0.000), Max=(X=3630.000 Y=4590.000 Z=400.000) RuntimeGrid:None EditorOnly:0 RuntimeOnly:0 HLODRelevant:1 FolderPath:Playground FolderGuid:C73F09FC4215536B1DCE2A9E0A830C70
 |   |   |- [+] [ 13]
 |   |   |   |- Guid:F866899045ABAD31687A70834CB94A2B BaseClass: NativeClass:/Script/Engine.StaticMeshActor Name:StaticMeshActor_34 Label:SM_QuarterCylinder13 SpatiallyLoaded:1 Bounds:IsValid=true, Min=(X=5530.000 Y=3640.000 Z=0.000), Max=(X=5730.000 Y=3840.000 Z=100.000) RuntimeGrid:None EditorOnly:0 RuntimeOnly:0 HLODRelevant:1 FolderPath:Cylinder FolderGuid:D075E5BA49330D3EC2503D81A7CF88D1
 |   |   |- [+] [ 14]
 |   |   |   |- Guid:8BB3FFDD4B0BD5659E8C37AADE5B269E BaseClass: NativeClass:/Script/Engine.StaticMeshActor Name:StaticMeshActor_19 Label:SM_QuarterCylinder2 SpatiallyLoaded:1 Bounds:IsValid=true, Min=(X=6030.000 Y=5740.000 Z=0.000), Max=(X=6130.000 Y=5840.000 Z=200.000) RuntimeGrid:None EditorOnly:0 RuntimeOnly:0 HLODRelevant:1 FolderPath:Block02 FolderGuid:EBA23F8248252949750E43911A3A1CDD
 |   |   |- [+] [ 15]
 |   |   |   |- Guid:EB780F4E400A57DD418B3B99AB5128A1 BaseClass: NativeClass:/Script/Engine.StaticMeshActor Name:StaticMeshActor_UAID_6C24081D954E7F8701_2146963074 Label:SM_Cube15 SpatiallyLoaded:1 Bounds:IsValid=true, Min=(X=6400.000 Y=5200.000 Z=0.000), Max=(X=6500.000 Y=6550.000 Z=400.000) RuntimeGrid:None EditorOnly:0 RuntimeOnly:0 HLODRelevant:1 FolderPath:Playground FolderGuid:C73F09FC4215536B1DCE2A9E0A830C70
 |   |   |- [+] [ 16]
 |   |   |   |- Guid:2110D41A491AF247525D199B856102C1 BaseClass: NativeClass:/Script/Engine.StaticMeshActor Name:StaticMeshActor_33 Label:SM_QuarterCylinder12 SpatiallyLoaded:1 Bounds:IsValid=true, Min=(X=5530.000 Y=3840.000 Z=0.000), Max=(X=5730.000 Y=4040.000 Z=100.000) RuntimeGrid:None EditorOnly:0 RuntimeOnly:0 HLODRelevant:1 FolderPath:Cylinder FolderGuid:D075E5BA49330D3EC2503D81A7CF88D1
 |   |   |- [+] [ 17]
 |   |   |   |- Guid:34C37EE14709AE3FA1370983625D71F5 BaseClass: NativeClass:/Script/Engine.StaticMeshActor Name:StaticMeshActor_UAID_6C24081D954E818701_1576932440 Label:Pine_tree_2 SpatiallyLoaded:1 Bounds:IsValid=true, Min=(X=1623.339 Y=-50.633 Z=-17.563), Max=(X=2109.522 Y=409.568 Z=826.029) RuntimeGrid:None EditorOnly:0 RuntimeOnly:0 HLODRelevant:1
 |   |   |- [+] [ 18]
 |   |   |   |- Guid:84EF250348E0F2EB12E91499E762E2A0 BaseClass: NativeClass:/Script/Engine.StaticMeshActor Name:StaticMeshActor_9 Label:SM_Ramp2 SpatiallyLoaded:1 Bounds:IsValid=true, Min=(X=4930.000 Y=4640.000 Z=0.000), Max=(X=5330.000 Y=4840.000 Z=100.000) RuntimeGrid:None EditorOnly:0 RuntimeOnly:0 HLODRelevant:1 FolderPath:Block01 FolderGuid:7D23E5AE4C2A421F86AF6986D87E6D05
 |   |   |- [+] [ 19]
 |   |   |   |- Guid:20229CD249A5DCE9727F26A355512E1D BaseClass: NativeClass:/Script/Engine.SkyAtmosphere Name:SkyAtmosphere_0 Label:SkyAtmosphere SpatiallyLoaded:0 Bounds:IsValid=true, Min=(X=0.000 Y=0.000 Z=1020.000), Max=(X=0.000 Y=0.000 Z=1020.000) RuntimeGrid:None EditorOnly:0 RuntimeOnly:0 HLODRelevant:0 FolderPath:Lighting FolderGuid:963EC3EB4002CCE9759E2EBA541A873A
 |   |   |- [+] [ 20]
 |   |   |   |- Guid:D346D099494E82EA2F626291103D5F2F BaseClass:/Game/ModularRPGHeroesPolyart/CharacterBP/OneMeshCharacterBP.OneMeshCharacterBP_C NativeClass:/Script/Engine.SkeletalMeshActor Name:OneMeshCharacterBP_C_UAID_6C24081D954E7E8701_2006611895 Label:OneMeshCharacterBP SpatiallyLoaded:1 Bounds:IsValid=true, Min=(X=4780.565 Y=4266.624 Z=-0.929), Max=(X=5001.532 Y=4430.158 Z=204.264) RuntimeGrid:None EditorOnly:0 RuntimeOnly:0 HLODRelevant:0
 |   |   |- [+] [ 21]
 |   |   |   |- Guid:097812E1496AAB54F7A01982EB9254A5 BaseClass:/Game/CustomCharacter/BP_MainCharacter.BP_MainCharacter_C NativeClass:/Script/Engine.Character Name:BP_MainCharacter_C_UAID_7A7919195AEDF78601_1097208209 Label:BP_MainCharacter SpatiallyLoaded:1 Bounds:IsValid=true, Min=(X=4411.597 Y=4352.864 Z=0.000), Max=(X=4547.617 Y=4545.277 Z=180.000) RuntimeGrid:None EditorOnly:0 RuntimeOnly:0 HLODRelevant:0
 |   |   |- [+] [ 22]
 |   |   |   |- Guid:78B9898F403BF5C1BCD540B1D1549A74 BaseClass: NativeClass:/Script/Engine.StaticMeshActor Name:StaticMeshActor_24 Label:SM_Cube13 SpatiallyLoaded:1 Bounds:IsValid=true, Min=(X=3830.000 Y=5840.000 Z=0.000), Max=(X=3930.000 Y=5940.000 Z=200.000) RuntimeGrid:None EditorOnly:0 RuntimeOnly:0 HLODRelevant:1 FolderPath:Block03 FolderGuid:7B7009C345D3D6DD94D3429E1D79C034
 |   |   |- [+] [ 23]
 |   |   |   |- Guid:8D786F4C4F17C15F643FC481B116F6A7 BaseClass: NativeClass:/Script/Engine.PlayerStart Name:PlayerStart_0 Label:PlayerStart SpatiallyLoaded:0 Bounds:IsValid=true, Min=(X=4390.000 Y=4210.000 Z=0.013), Max=(X=4470.000 Y=4290.000 Z=184.013) RuntimeGrid:None EditorOnly:0 RuntimeOnly:0 HLODRelevant:0
 |   |   |- [+] [ 24]
 |   |   |   |- Guid:170C4DFE46916424C689E99F698122D0 BaseClass: NativeClass:/Script/Engine.StaticMeshActor Name:StaticMeshActor_1 Label:SM_Cube SpatiallyLoaded:1 Bounds:IsValid=true, Min=(X=0.000 Y=0.000 Z=-50.000), Max=(X=10000.000 Y=10000.000 Z=0.000) RuntimeGrid:None EditorOnly:0 RuntimeOnly:0 HLODRelevant:1 FolderPath:Playground FolderGuid:C73F09FC4215536B1DCE2A9E0A830C70
 |   |   |- [+] [ 25]
 |   |   |   |- Guid:C0ACDBFA45BE66219A93FE95F83E75AD BaseClass: NativeClass:/Script/Engine.ExponentialHeightFog Name:ExponentialHeightFog_0 Label:ExponentialHeightFog SpatiallyLoaded:0 Bounds:IsValid=true, Min=(X=-5600.000 Y=-50.000 Z=-6850.000), Max=(X=-5600.000 Y=-50.000 Z=-6850.000) RuntimeGrid:None EditorOnly:0 RuntimeOnly:0 HLODRelevant:0 FolderPath:Lighting FolderGuid:963EC3EB4002CCE9759E2EBA541A873A
 |   |   |- [+] [ 26]
 |   |   |   |- Guid:7F4D52BE4C8B8B6F55E4D1A482EAD5F5 BaseClass: NativeClass:/Script/Engine.StaticMeshActor Name:StaticMeshActor_25 Label:SM_QuarterCylinder6 SpatiallyLoaded:1 Bounds:IsValid=true, Min=(X=4730.000 Y=5340.000 Z=0.000), Max=(X=4830.000 Y=5440.000 Z=200.000) RuntimeGrid:None EditorOnly:0 RuntimeOnly:0 HLODRelevant:1 FolderPath:Block01 FolderGuid:7D23E5AE4C2A421F86AF6986D87E6D05
 |   |   |- [+] [ 27]
 |   |   |   |- Guid:7068FCDF4F4FE8CC8F17EB9E7F307486 BaseClass: NativeClass:/Script/Engine.StaticMeshActor Name:StaticMeshActor_UAID_6C24081D954E808701_1083089252 Label:SM_Cube17 SpatiallyLoaded:1 Bounds:IsValid=true, Min=(X=3530.000 Y=5200.000 Z=0.000), Max=(X=3630.000 Y=6550.000 Z=400.000) RuntimeGrid:None EditorOnly:0 RuntimeOnly:0 HLODRelevant:1 FolderPath:Playground FolderGuid:C73F09FC4215536B1DCE2A9E0A830C70
 |   |   |- [+] [ 28]
 |   |   |   |- Guid:51F8C6E04BDDAD1ADBD4A484709B34D6 BaseClass: NativeClass:/Script/Engine.StaticMeshActor Name:StaticMeshActor_22 Label:SM_QuarterCylinder4 SpatiallyLoaded:1 Bounds:IsValid=true, Min=(X=3830.000 Y=5740.000 Z=0.000), Max=(X=3930.000 Y=5840.000 Z=200.000) RuntimeGrid:None EditorOnly:0 RuntimeOnly:0 HLODRelevant:1 FolderPath:Block03 FolderGuid:7B7009C345D3D6DD94D3429E1D79C034
 |   |   |- [+] [ 29]
 |   |   |   |- Guid:5D8DAE2F4EF04E331E4E4E9C74E99720 BaseClass: NativeClass:/Script/Engine.StaticMeshActor Name:StaticMeshActor_UAID_6C24081D954E818701_1533580438 Label:SM_Cube24 SpatiallyLoaded:1 Bounds:IsValid=true, Min=(X=2430.000 Y=1130.000 Z=-190.000), Max=(X=6255.000 Y=1430.000 Z=10.000) RuntimeGrid:None EditorOnly:0 RuntimeOnly:0 HLODRelevant:1 FolderPath:Block02 FolderGuid:EBA23F8248252949750E43911A3A1CDD
 |   |   |- [+] [ 30]
 |   |   |   |- Guid:2CC97B0D4BE34E8D14533E873464E1E5 BaseClass: NativeClass:/Script/Engine.StaticMeshActor Name:StaticMeshActor_32 Label:SM_QuarterCylinder11 SpatiallyLoaded:1 Bounds:IsValid=true, Min=(X=5730.000 Y=3840.000 Z=-0.000), Max=(X=5930.000 Y=4040.000 Z=100.000) RuntimeGrid:None EditorOnly:0 RuntimeOnly:0 HLODRelevant:1 FolderPath:Cylinder FolderGuid:D075E5BA49330D3EC2503D81A7CF88D1
 |   |   |- [+] [ 31]
 |   |   |   |- Guid:8F026D5341FA496E48B4E195614B027B BaseClass: NativeClass:/Script/Engine.StaticMeshActor Name:StaticMeshActor_12 Label:SM_Cube8 SpatiallyLoaded:1 Bounds:IsValid=true, Min=(X=4830.000 Y=5740.000 Z=0.000), Max=(X=6030.000 Y=6040.000 Z=200.000) RuntimeGrid:None EditorOnly:0 RuntimeOnly:0 HLODRelevant:1 FolderPath:Block02 FolderGuid:EBA23F8248252949750E43911A3A1CDD
 |   |   |- [+] [ 32]
 |   |   |   |- Guid:78E3399045BB4ACC81E2B98F2264679F BaseClass: NativeClass:/Script/Engine.WorldDataLayers Name:WorldDataLayers Label:WorldDataLayers SpatiallyLoaded:0 Bounds:IsValid=true, Min=(X=0.000 Y=0.000 Z=0.000), Max=(X=0.000 Y=0.000 Z=0.000) RuntimeGrid:None EditorOnly:0 RuntimeOnly:0 HLODRelevant:0
 |   |   |- [+] [ 33]
 |   |   |   |- Guid:293DBE5B4CAE95FFDE081D8B1480AE7E BaseClass: NativeClass:/Script/Engine.StaticMeshActor Name:StaticMeshActor_6 Label:SM_Cube3 SpatiallyLoaded:1 Bounds:IsValid=true, Min=(X=3530.000 Y=6540.000 Z=0.000), Max=(X=6505.000 Y=6640.000 Z=400.000) RuntimeGrid:None EditorOnly:0 RuntimeOnly:0 HLODRelevant:1 FolderPath:Playground FolderGuid:C73F09FC4215536B1DCE2A9E0A830C70
 |   |   |- [+] [ 34]
 |   |   |   |- Guid:1A96190646C349375193999919B10D61 BaseClass: NativeClass:/Script/Engine.StaticMeshActor Name:StaticMeshActor_16 Label:SM_Cube11 SpatiallyLoaded:1 Bounds:IsValid=true, Min=(X=3930.000 Y=5740.000 Z=0.000), Max=(X=4230.000 Y=6040.000 Z=200.000) RuntimeGrid:None EditorOnly:0 RuntimeOnly:0 HLODRelevant:1 FolderPath:Block03 FolderGuid:7B7009C345D3D6DD94D3429E1D79C034
 |   |   |- [+] [ 35]
 |   |   |   |- Guid:17AD898342B52AC0B6F0F79432B2D20B BaseClass: NativeClass:/Script/Engine.StaticMeshActor Name:StaticMeshActor_UAID_6C24081D954E818701_1142825431 Label:SM_Cube20 SpatiallyLoaded:1 Bounds:IsValid=true, Min=(X=6505.000 Y=4670.000 Z=-190.000), Max=(X=10030.000 Y=4970.000 Z=10.000) RuntimeGrid:None EditorOnly:0 RuntimeOnly:0 HLODRelevant:1 FolderPath:Block02 FolderGuid:EBA23F8248252949750E43911A3A1CDD
 |   |   |- [+] [ 36]
 |   |   |   |- Guid:08359F374DB3B6A1308C8489F55A99B9 BaseClass: NativeClass:/Script/Engine.VolumetricCloud Name:VolumetricCloud_0 Label:VolumetricCloud SpatiallyLoaded:0 Bounds:IsValid=true, Min=(X=0.000 Y=0.000 Z=820.000), Max=(X=0.000 Y=0.000 Z=820.000) RuntimeGrid:None EditorOnly:0 RuntimeOnly:0 HLODRelevant:0 FolderPath:Lighting FolderGuid:963EC3EB4002CCE9759E2EBA541A873A
 |   |   |- [+] [ 37]
 |   |   |   |- Guid:EAF8FED540FB55AB1EFE0F8D96C25A40 BaseClass: NativeClass:/Script/Engine.StaticMeshActor Name:StaticMeshActor_UAID_6C24081D954E818701_1549588439 Label:SM_Cube25 SpatiallyLoaded:1 Bounds:IsValid=true, Min=(X=2420.000 Y=-110.000 Z=-190.000), Max=(X=2720.000 Y=1415.000 Z=10.000) RuntimeGrid:None EditorOnly:0 RuntimeOnly:0 HLODRelevant:1 FolderPath:Block02 FolderGuid:EBA23F8248252949750E43911A3A1CDD
 |   |   |- [+] [ 38]
 |   |   |   |- Guid:E16BD35145FEEF1B984AC58B1492F199 BaseClass: NativeClass:/Script/Engine.SkyLight Name:SkyLight_1 Label:SkyLight SpatiallyLoaded:0 Bounds:IsValid=true, Min=(X=0.000 Y=0.000 Z=690.000), Max=(X=0.000 Y=0.000 Z=690.000) RuntimeGrid:None EditorOnly:0 RuntimeOnly:0 HLODRelevant:0 FolderPath:Lighting FolderGuid:963EC3EB4002CCE9759E2EBA541A873A
 |   |   |- [+] [ 39]
 |   |   |   |- Guid:2D1A284A418E7751A718418746FA0FCE BaseClass: NativeClass:/Script/Engine.StaticMeshActor Name:StaticMeshActor_23 Label:SM_QuarterCylinder5 SpatiallyLoaded:1 Bounds:IsValid=true, Min=(X=3830.000 Y=5940.000 Z=0.000), Max=(X=3930.000 Y=6040.000 Z=200.000) RuntimeGrid:None EditorOnly:0 RuntimeOnly:0 HLODRelevant:1 FolderPath:Block03 FolderGuid:7B7009C345D3D6DD94D3429E1D79C034
 |   |   |- [+] [ 40]
 |   |   |   |- Guid:922413964C6327370245D6B52622D7AB BaseClass: NativeClass:/Script/Engine.StaticMeshActor Name:StaticMeshActor_UAID_A4AE111137DC5EFB00_1110535423 Label:SM_SkySphere SpatiallyLoaded:0 Bounds:IsValid=true, Min=(X=-1634870.000 Y=-1635260.000 Z=-1638400.000), Max=(X=1641930.000 Y=1641540.000 Z=1638400.000) RuntimeGrid:None EditorOnly:0 RuntimeOnly:0 HLODRelevant:1 FolderPath:Lighting FolderGuid:963EC3EB4002CCE9759E2EBA541A873A
 |   |   |- [+] [ 41]
 |   |   |   |- Guid:2F8F1AB34A04CD747F0010942D8F14CD BaseClass: NativeClass:/Script/Engine.StaticMeshActor Name:StaticMeshActor_13 Label:SM_Cube9 SpatiallyLoaded:1 Bounds:IsValid=true, Min=(X=5330.000 Y=4640.000 Z=0.000), Max=(X=5530.000 Y=5340.000 Z=100.000) RuntimeGrid:None EditorOnly:0 RuntimeOnly:0 HLODRelevant:1 FolderPath:Block01 FolderGuid:7D23E5AE4C2A421F86AF6986D87E6D05
 |   |   |- [+] [ 42]
 |   |   |   |- Guid:BC63DC5442D99C578F6DD98F435E0EC6 BaseClass: NativeClass:/Script/Engine.PostProcessVolume Name:PostProcessVolume_0 Label:PostProcessVolume SpatiallyLoaded:0 Bounds:IsValid=true, Min=(X=0.000 Y=0.000 Z=400.000), Max=(X=200.000 Y=200.000 Z=600.000) RuntimeGrid:None EditorOnly:0 RuntimeOnly:0 HLODRelevant:0 FolderPath:Lighting FolderGuid:963EC3EB4002CCE9759E2EBA541A873A
 |   |   |- [+] [ 43]
 |   |   |   |- Guid:D1BE27A24B22BA5997A02EBD233BAEA1 BaseClass: NativeClass:/Script/Engine.StaticMeshActor Name:StaticMeshActor_UAID_6C24081D954E818701_1163428432 Label:SM_Cube21 SpatiallyLoaded:1 Bounds:IsValid=true, Min=(X=-20.000 Y=8175.000 Z=-190.000), Max=(X=10030.000 Y=10000.000 Z=10.000) RuntimeGrid:None EditorOnly:0 RuntimeOnly:0 HLODRelevant:1 FolderPath:Block02 FolderGuid:EBA23F8248252949750E43911A3A1CDD
 |   |   |- [+] [ 44]
 |   |   |   |- Guid:1178B39847746811864B86B5E7F30C8E BaseClass: NativeClass:/Script/Engine.StaticMeshActor Name:StaticMeshActor_UAID_6C24081D954E818701_1638424442 Label:Forge SpatiallyLoaded:1 Bounds:IsValid=true, Min=(X=3703.763 Y=3267.951 Z=-0.003), Max=(X=4420.361 Y=3975.146 Z=437.165) RuntimeGrid:None EditorOnly:0 RuntimeOnly:0 HLODRelevant:1
 |   |   |- [+] [ 45]
 |   |   |   |- Guid:C6DF0EE2475A96181091098FCC68FCFB BaseClass: NativeClass:/Script/Engine.StaticMeshActor Name:StaticMeshActor_5 Label:SM_Cube2 SpatiallyLoaded:1 Bounds:IsValid=true, Min=(X=3530.000 Y=3140.000 Z=0.000), Max=(X=5805.000 Y=3240.000 Z=400.000) RuntimeGrid:None EditorOnly:0 RuntimeOnly:0 HLODRelevant:1 FolderPath:Playground FolderGuid:C73F09FC4215536B1DCE2A9E0A830C70
 |   |   |- [+] [ 46]
 |   |   |   |- Guid:0BA9416548935C467A600D96468B4E74 BaseClass: NativeClass:/Script/Engine.StaticMeshActor Name:StaticMeshActor_UAID_6C24081D954E818701_1579373441 Label:Pine_tree_3 SpatiallyLoaded:1 Bounds:IsValid=true, Min=(X=2693.339 Y=-50.633 Z=-17.563), Max=(X=3179.522 Y=409.568 Z=826.029) RuntimeGrid:None EditorOnly:0 RuntimeOnly:0 HLODRelevant:1
 |   |   |- [+] [ 47]
 |   |   |   |- Guid:8070C6514DB904C7CADA078178397603 BaseClass: NativeClass:/Script/Engine.StaticMeshActor Name:StaticMeshActor_21 Label:SM_QuarterCylinder3 SpatiallyLoaded:1 Bounds:IsValid=true, Min=(X=5030.000 Y=5340.000 Z=0.000), Max=(X=5130.000 Y=5440.000 Z=200.000) RuntimeGrid:None EditorOnly:0 RuntimeOnly:0 HLODRelevant:1 FolderPath:Block01 FolderGuid:7D23E5AE4C2A421F86AF6986D87E6D05
 |   |   |- [+] [ 48]
 |   |   |   |- Guid:0CA42D3845306ABC78426188604CD06E BaseClass: NativeClass:/Script/Engine.StaticMeshActor Name:StaticMeshActor_20 Label:SM_Cube12 SpatiallyLoaded:1 Bounds:IsValid=true, Min=(X=6030.000 Y=5840.000 Z=0.000), Max=(X=6130.000 Y=5940.000 Z=200.000) RuntimeGrid:None EditorOnly:0 RuntimeOnly:0 HLODRelevant:1 FolderPath:Block02 FolderGuid:EBA23F8248252949750E43911A3A1CDD
 |   |   |- [+] [ 49]
 |   |   |   |- Guid:D179C4F948430B60A2FC8BAAC3073C73 BaseClass: NativeClass:/Script/Engine.StaticMeshActor Name:StaticMeshActor_14 Label:SM_Ramp3 SpatiallyLoaded:1 Bounds:IsValid=true, Min=(X=5330.000 Y=4840.000 Z=100.000), Max=(X=5530.000 Y=5240.000 Z=200.000) RuntimeGrid:None EditorOnly:0 RuntimeOnly:0 HLODRelevant:1 FolderPath:Block01 FolderGuid:7D23E5AE4C2A421F86AF6986D87E6D05
 |   |   |- [+] [ 50]
 |   |   |   |- Guid:7B5CD5C248DDDA4405161C8586FE58A7 BaseClass:/Game/ModularRPGHeroesPolyart/CharacterBP/ModularCharacterBP.ModularCharacterBP_C NativeClass:/Script/Engine.SkeletalMeshActor Name:ModularCharacterBP_C_UAID_6C24081D954E7E8701_2009082896 Label:ModularCharacterBP SpatiallyLoaded:1 Bounds:IsValid=true, Min=(X=4410.630 Y=4474.674 Z=-1.803), Max=(X=4849.370 Y=4684.656 Z=242.074) RuntimeGrid:None EditorOnly:0 RuntimeOnly:0 HLODRelevant:0
 |   |   |- [+] [ 51]
 |   |   |   |- Guid:4136172E4E2784FF0340BE9FB6AC707F BaseClass: NativeClass:/Script/Engine.StaticMeshActor Name:StaticMeshActor_4 Label:SM_Cube6 SpatiallyLoaded:1 Bounds:IsValid=true, Min=(X=6400.000 Y=3100.000 Z=0.000), Max=(X=6500.000 Y=4450.000 Z=400.000) RuntimeGrid:None EditorOnly:0 RuntimeOnly:0 HLODRelevant:1 FolderPath:Playground FolderGuid:C73F09FC4215536B1DCE2A9E0A830C70
 |- ContainerInstances:
 |- [+] MainContainer:
 |   |-        ID: 0x0000000000000000
 |   |-    Bounds: IsValid=false, Min=(X=0.000 Y=0.000 Z=0.000), Max=(X=0.000 Y=0.000 Z=0.000)
 |   |- Transform: 0.000000,0.000000,0.000000|0.000000,0.000000,-0.000000|1.000000,1.000000,1.000000
 |   |- Container: /Game/LevelPrototyping/ThirdPersonMap_Jose_Prototyping
----------------------------------------------------------------------------------------------------------------
ThirdPersonMap_Jose_Prototyping - Persistent Level
----------------------------------------------------------------------------------------------------------------
Always loaded Actor Count: 59 

----------------------------------------------------------------------------------------------------------------
ThirdPersonMap_Jose_Prototyping - Runtime Spatial Hash - Streaming Grid - MainGrid
----------------------------------------------------------------------------------------------------------------
            Origin: X=0.000 Y=0.000 Z=0.000
         Cell Size: 12800
      World Bounds: IsValid=false, Min=(X=0.000 Y=0.000 Z=0.000), Max=(X=0.000 Y=0.000 Z=0.000)
     Loading Range: 25600.00
Block Slow Loading: No
 ClientOnlyVisible: No

[+] Grid Levels: 1
 |- Level  0: Cell Count    0 | Cell Size   12800 | Actor Count    0 (0.0%)

[+] Content of Grid Level 0

